i
9024, 868, 2468, 
d
-2568, 
--------
i
9024, 868, 2468, 4816, 468, 
d
-2568, -1268, -1348, -924, 
--------
i
1496, 
d
-264, -2496, -364, -396, 
--------
i
1496, 
d
-264, -2496, -364, -396, -1364, -3984, -868, -7068, 
--------
i
1496, 6724, 16268, 1000, 
d
-264, -2496, -364, -396, -1364, -3984, -868, -7068, -15804, -1000, 
--------
i
1496, 6724, 16268, 1000, 380, 256, 
d
-264, -2496, -364, -396, -1364, -3984, -868, -7068, -15804, -1000, -752, -132, -4844, 
--------
i
1496, 6724, 16268, 1000, 380, 256, 3828, 4748, 3300, 
d
-264, -2496, -364, -396, -1364, -3984, -868, -7068, -15804, -1000, -752, -132, -4844, -5404, -6136, 
--------
i
1496, 6724, 16268, 1000, 380, 256, 3828, 4748, 3300, 4844, 4464, 2100, 
d
-264, -2496, -364, -396, -1364, -3984, -868, -7068, -15804, -1000, -752, -132, -4844, -5404, -6136, -9416, 
--------
i
1496, 6724, 16268, 1000, 380, 256, 3828, 4748, 3300, 4844, 4464, 2100, 64, 4960, 116, 
d
-264, -2496, -364, -396, -1364, -3984, -868, -7068, -15804, -1000, -752, -132, -4844, -5404, -6136, -9416, -3236, -4, 
--------
i
1720, 1120, 
d
-1324, 
--------
i
1720, 1120, 4352, 4144, 
d
-1324, -11584, -972, -1812, 
--------
i
1720, 1120, 4352, 4144, 8624, 864, 36, 
d
-1324, -11584, -972, -1812, -24, -868, 
--------
i
5032, 3340, 1496, 256, 
d

--------
i
5032, 3340, 1496, 256, 1620, 
d
-288, -148, -1356, -264, 
--------
i
5032, 3340, 1496, 256, 1620, 356, 1836, 
d
-288, -148, -1356, -264, -240, -8300, -2744, 
--------
